{"/home/lenovo/web-dev-root/github/the-holy-bible-api/src/index.ts": {"path":"/home/lenovo/web-dev-root/github/the-holy-bible-api/src/index.ts","statementMap":{"0":{"start":{"line":13,"column":0},"end":{"line":13,"column":62}},"1":{"start":{"line":14,"column":0},"end":{"line":14,"column":67}},"2":{"start":{"line":15,"column":0},"end":{"line":15,"column":71}},"3":{"start":{"line":16,"column":0},"end":{"line":16,"column":46}},"4":{"start":{"line":24,"column":4},"end":{"line":24,"column":44}},"5":{"start":{"line":33,"column":18},"end":{"line":33,"column":22}},"6":{"start":{"line":34,"column":36},"end":{"line":34,"column":41}},"7":{"start":{"line":37,"column":21},"end":{"line":48,"column":34}},"8":{"start":{"line":39,"column":34},"end":{"line":39,"column":38}},"9":{"start":{"line":42,"column":25},"end":{"line":42,"column":41}},"10":{"start":{"line":43,"column":28},"end":{"line":43,"column":115}},"11":{"start":{"line":46,"column":6},"end":{"line":46,"column":47}},"12":{"start":{"line":47,"column":6},"end":{"line":47,"column":22}},"13":{"start":{"line":51,"column":4},"end":{"line":51,"column":99}},"14":{"start":{"line":54,"column":4},"end":{"line":59,"column":5}},"15":{"start":{"line":55,"column":19},"end":{"line":55,"column":55}},"16":{"start":{"line":56,"column":6},"end":{"line":56,"column":18}},"17":{"start":{"line":58,"column":6},"end":{"line":58,"column":19}},"18":{"start":{"line":71,"column":4},"end":{"line":77,"column":5}},"19":{"start":{"line":72,"column":6},"end":{"line":76,"column":8}},"20":{"start":{"line":80,"column":18},"end":{"line":80,"column":22}},"21":{"start":{"line":81,"column":50},"end":{"line":81,"column":55}},"22":{"start":{"line":82,"column":24},"end":{"line":82,"column":48}},"23":{"start":{"line":83,"column":23},"end":{"line":83,"column":101}},"24":{"start":{"line":86,"column":4},"end":{"line":91,"column":5}},"25":{"start":{"line":87,"column":19},"end":{"line":87,"column":55}},"26":{"start":{"line":88,"column":6},"end":{"line":88,"column":18}},"27":{"start":{"line":90,"column":6},"end":{"line":90,"column":19}},"28":{"start":{"line":101,"column":18},"end":{"line":101,"column":22}},"29":{"start":{"line":102,"column":45},"end":{"line":102,"column":50}},"30":{"start":{"line":103,"column":24},"end":{"line":103,"column":48}},"31":{"start":{"line":104,"column":23},"end":{"line":104,"column":94}},"32":{"start":{"line":107,"column":4},"end":{"line":112,"column":5}},"33":{"start":{"line":108,"column":19},"end":{"line":108,"column":54}},"34":{"start":{"line":109,"column":6},"end":{"line":109,"column":18}},"35":{"start":{"line":111,"column":6},"end":{"line":111,"column":19}},"36":{"start":{"line":120,"column":18},"end":{"line":120,"column":22}},"37":{"start":{"line":121,"column":23},"end":{"line":121,"column":28}},"38":{"start":{"line":122,"column":24},"end":{"line":122,"column":48}},"39":{"start":{"line":123,"column":23},"end":{"line":123,"column":81}},"40":{"start":{"line":126,"column":4},"end":{"line":131,"column":5}},"41":{"start":{"line":127,"column":19},"end":{"line":127,"column":57}},"42":{"start":{"line":128,"column":6},"end":{"line":128,"column":18}},"43":{"start":{"line":130,"column":6},"end":{"line":130,"column":19}},"44":{"start":{"line":138,"column":4},"end":{"line":142,"column":6}},"45":{"start":{"line":147,"column":0},"end":{"line":147,"column":25}}},"fnMap":{"0":{"name":"(anonymous_8)","decl":{"start":{"line":23,"column":2},"end":{"line":23,"column":null}},"loc":{"start":{"line":23,"column":2},"end":{"line":25,"column":3}}},"1":{"name":"(anonymous_9)","decl":{"start":{"line":32,"column":8},"end":{"line":32,"column":38}},"loc":{"start":{"line":32,"column":68},"end":{"line":60,"column":4}}},"2":{"name":"(anonymous_11)","decl":{"start":{"line":37,"column":34},"end":{"line":37,"column":35}},"loc":{"start":{"line":37,"column":60},"end":{"line":48,"column":5}}},"3":{"name":"(anonymous_12)","decl":{"start":{"line":69,"column":8},"end":{"line":69,"column":33}},"loc":{"start":{"line":69,"column":58},"end":{"line":92,"column":null}}},"4":{"name":"(anonymous_14)","decl":{"start":{"line":100,"column":8},"end":{"line":100,"column":25}},"loc":{"start":{"line":100,"column":49},"end":{"line":113,"column":null}}},"5":{"name":"(anonymous_16)","decl":{"start":{"line":119,"column":8},"end":{"line":119,"column":24}},"loc":{"start":{"line":119,"column":48},"end":{"line":132,"column":null}}},"6":{"name":"(anonymous_18)","decl":{"start":{"line":137,"column":2},"end":{"line":137,"column":17}},"loc":{"start":{"line":137,"column":17},"end":{"line":143,"column":3}}}},"branchMap":{"0":{"loc":{"start":{"line":43,"column":28},"end":{"line":43,"column":115}},"type":"cond-expr","locations":[{"start":{"line":43,"column":59},"end":{"line":43,"column":85}},{"start":{"line":43,"column":88},"end":{"line":43,"column":115}}]},"1":{"loc":{"start":{"line":51,"column":17},"end":{"line":51,"column":98}},"type":"cond-expr","locations":[{"start":{"line":51,"column":27},"end":{"line":51,"column":58}},{"start":{"line":51,"column":61},"end":{"line":51,"column":98}}]},"2":{"loc":{"start":{"line":71,"column":4},"end":{"line":77,"column":5}},"type":"if","locations":[{"start":{"line":71,"column":4},"end":{"line":77,"column":5}}]},"3":{"loc":{"start":{"line":82,"column":24},"end":{"line":82,"column":48}},"type":"cond-expr","locations":[{"start":{"line":82,"column":34},"end":{"line":82,"column":39}},{"start":{"line":82,"column":42},"end":{"line":82,"column":48}}]},"4":{"loc":{"start":{"line":103,"column":24},"end":{"line":103,"column":48}},"type":"cond-expr","locations":[{"start":{"line":103,"column":34},"end":{"line":103,"column":39}},{"start":{"line":103,"column":42},"end":{"line":103,"column":48}}]},"5":{"loc":{"start":{"line":122,"column":24},"end":{"line":122,"column":48}},"type":"cond-expr","locations":[{"start":{"line":122,"column":34},"end":{"line":122,"column":39}},{"start":{"line":122,"column":42},"end":{"line":122,"column":48}}]}},"s":{"0":1,"1":1,"2":1,"3":1,"4":4,"5":1,"6":1,"7":1,"8":2,"9":2,"10":2,"11":2,"12":2,"13":1,"14":1,"15":1,"16":1,"17":0,"18":1,"19":0,"20":1,"21":1,"22":1,"23":1,"24":1,"25":1,"26":1,"27":0,"28":1,"29":1,"30":1,"31":1,"32":1,"33":1,"34":1,"35":0,"36":1,"37":1,"38":1,"39":1,"40":1,"41":1,"42":1,"43":0,"44":0,"45":1},"f":{"0":4,"1":1,"2":2,"3":1,"4":1,"5":1,"6":0},"b":{"0":[1,1],"1":[1,0],"2":[0],"3":[1,0],"4":[1,0],"5":[1,0]}}
,"/home/lenovo/web-dev-root/github/the-holy-bible-api/src/service/fetch-single-verse/index.ts": {"path":"/home/lenovo/web-dev-root/github/the-holy-bible-api/src/service/fetch-single-verse/index.ts","statementMap":{"0":{"start":{"line":2,"column":0},"end":{"line":2,"column":45}},"1":{"start":{"line":10,"column":2},"end":{"line":68,"column":5}},"2":{"start":{"line":11,"column":4},"end":{"line":67,"column":9}},"3":{"start":{"line":13,"column":8},"end":{"line":43,"column":9}},"4":{"start":{"line":15,"column":27},"end":{"line":15,"column":35}},"5":{"start":{"line":18,"column":37},"end":{"line":31,"column":12}},"6":{"start":{"line":34,"column":10},"end":{"line":38,"column":13}},"7":{"start":{"line":41,"column":10},"end":{"line":41,"column":84}},"8":{"start":{"line":42,"column":10},"end":{"line":42,"column":17}},"9":{"start":{"line":46,"column":8},"end":{"line":66,"column":9}},"10":{"start":{"line":47,"column":10},"end":{"line":51,"column":13}},"11":{"start":{"line":53,"column":13},"end":{"line":66,"column":9}},"12":{"start":{"line":54,"column":10},"end":{"line":58,"column":13}},"13":{"start":{"line":61,"column":10},"end":{"line":65,"column":13}},"14":{"start":{"line":72,"column":0},"end":{"line":72,"column":33}}},"fnMap":{"0":{"name":"fetchASingleVerse","decl":{"start":{"line":9,"column":9},"end":{"line":9,"column":26}},"loc":{"start":{"line":9,"column":45},"end":{"line":69,"column":1}}},"1":{"name":"(anonymous_2)","decl":{"start":{"line":10,"column":21},"end":{"line":10,"column":22}},"loc":{"start":{"line":10,"column":41},"end":{"line":68,"column":3}}},"2":{"name":"(anonymous_3)","decl":{"start":{"line":12,"column":12},"end":{"line":12,"column":13}},"loc":{"start":{"line":12,"column":40},"end":{"line":44,"column":7}}},"3":{"name":"(anonymous_4)","decl":{"start":{"line":45,"column":13},"end":{"line":45,"column":14}},"loc":{"start":{"line":45,"column":23},"end":{"line":67,"column":7}}}},"branchMap":{"0":{"loc":{"start":{"line":13,"column":8},"end":{"line":43,"column":9}},"type":"if","locations":[{"start":{"line":13,"column":8},"end":{"line":43,"column":9}},{"start":{"line":40,"column":13},"end":{"line":43,"column":9}}]},"1":{"loc":{"start":{"line":13,"column":12},"end":{"line":13,"column":81}},"type":"binary-expr","locations":[{"start":{"line":13,"column":12},"end":{"line":13,"column":54}},{"start":{"line":13,"column":58},"end":{"line":13,"column":81}}]},"2":{"loc":{"start":{"line":46,"column":8},"end":{"line":66,"column":9}},"type":"if","locations":[{"start":{"line":46,"column":8},"end":{"line":66,"column":9}},{"start":{"line":53,"column":13},"end":{"line":66,"column":9}}]},"3":{"loc":{"start":{"line":53,"column":13},"end":{"line":66,"column":9}},"type":"if","locations":[{"start":{"line":53,"column":13},"end":{"line":66,"column":9}},{"start":{"line":60,"column":13},"end":{"line":66,"column":9}}]}},"s":{"0":2,"1":2,"2":2,"3":1,"4":1,"5":1,"6":1,"7":0,"8":0,"9":1,"10":0,"11":1,"12":0,"13":1,"14":2},"f":{"0":2,"1":2,"2":1,"3":1},"b":{"0":[1,0],"1":[1,0],"2":[0,1],"3":[0,1]}}
,"/home/lenovo/web-dev-root/github/the-holy-bible-api/src/service/fetch-verses-by-range/index.ts": {"path":"/home/lenovo/web-dev-root/github/the-holy-bible-api/src/service/fetch-verses-by-range/index.ts","statementMap":{"0":{"start":{"line":2,"column":0},"end":{"line":2,"column":45}},"1":{"start":{"line":10,"column":2},"end":{"line":77,"column":5}},"2":{"start":{"line":11,"column":4},"end":{"line":76,"column":9}},"3":{"start":{"line":13,"column":8},"end":{"line":52,"column":9}},"4":{"start":{"line":15,"column":27},"end":{"line":15,"column":35}},"5":{"start":{"line":18,"column":25},"end":{"line":30,"column":16}},"6":{"start":{"line":19,"column":24},"end":{"line":27,"column":14}},"7":{"start":{"line":28,"column":12},"end":{"line":28,"column":31}},"8":{"start":{"line":29,"column":12},"end":{"line":29,"column":28}},"9":{"start":{"line":33,"column":30},"end":{"line":37,"column":12}},"10":{"start":{"line":40,"column":10},"end":{"line":47,"column":13}},"11":{"start":{"line":50,"column":10},"end":{"line":50,"column":84}},"12":{"start":{"line":51,"column":10},"end":{"line":51,"column":17}},"13":{"start":{"line":55,"column":8},"end":{"line":75,"column":9}},"14":{"start":{"line":56,"column":10},"end":{"line":60,"column":13}},"15":{"start":{"line":62,"column":13},"end":{"line":75,"column":9}},"16":{"start":{"line":63,"column":10},"end":{"line":67,"column":13}},"17":{"start":{"line":70,"column":10},"end":{"line":74,"column":13}},"18":{"start":{"line":81,"column":0},"end":{"line":81,"column":41}}},"fnMap":{"0":{"name":"fetchChapterVersesByRange","decl":{"start":{"line":9,"column":9},"end":{"line":9,"column":34}},"loc":{"start":{"line":9,"column":53},"end":{"line":78,"column":1}}},"1":{"name":"(anonymous_2)","decl":{"start":{"line":10,"column":21},"end":{"line":10,"column":22}},"loc":{"start":{"line":10,"column":41},"end":{"line":77,"column":3}}},"2":{"name":"(anonymous_3)","decl":{"start":{"line":12,"column":12},"end":{"line":12,"column":13}},"loc":{"start":{"line":12,"column":40},"end":{"line":53,"column":7}}},"3":{"name":"(anonymous_4)","decl":{"start":{"line":18,"column":44},"end":{"line":18,"column":45}},"loc":{"start":{"line":18,"column":95},"end":{"line":30,"column":11}}},"4":{"name":"(anonymous_5)","decl":{"start":{"line":54,"column":13},"end":{"line":54,"column":14}},"loc":{"start":{"line":54,"column":23},"end":{"line":76,"column":7}}}},"branchMap":{"0":{"loc":{"start":{"line":13,"column":8},"end":{"line":52,"column":9}},"type":"if","locations":[{"start":{"line":13,"column":8},"end":{"line":52,"column":9}},{"start":{"line":49,"column":13},"end":{"line":52,"column":9}}]},"1":{"loc":{"start":{"line":13,"column":12},"end":{"line":13,"column":81}},"type":"binary-expr","locations":[{"start":{"line":13,"column":12},"end":{"line":13,"column":54}},{"start":{"line":13,"column":58},"end":{"line":13,"column":81}}]},"2":{"loc":{"start":{"line":55,"column":8},"end":{"line":75,"column":9}},"type":"if","locations":[{"start":{"line":55,"column":8},"end":{"line":75,"column":9}},{"start":{"line":62,"column":13},"end":{"line":75,"column":9}}]},"3":{"loc":{"start":{"line":62,"column":13},"end":{"line":75,"column":9}},"type":"if","locations":[{"start":{"line":62,"column":13},"end":{"line":75,"column":9}},{"start":{"line":69,"column":13},"end":{"line":75,"column":9}}]}},"s":{"0":2,"1":2,"2":2,"3":1,"4":1,"5":1,"6":4,"7":4,"8":4,"9":1,"10":1,"11":0,"12":0,"13":1,"14":0,"15":1,"16":0,"17":1,"18":2},"f":{"0":2,"1":2,"2":1,"3":4,"4":1},"b":{"0":[1,0],"1":[1,0],"2":[0,1],"3":[0,1]}}
,"/home/lenovo/web-dev-root/github/the-holy-bible-api/src/service/help/index.ts": {"path":"/home/lenovo/web-dev-root/github/the-holy-bible-api/src/service/help/index.ts","statementMap":{"0":{"start":{"line":3,"column":21},"end":{"line":83,"column":4}},"1":{"start":{"line":84,"column":2},"end":{"line":84,"column":20}},"2":{"start":{"line":88,"column":0},"end":{"line":88,"column":26}}},"fnMap":{"0":{"name":"systemHelp","decl":{"start":{"line":2,"column":9},"end":{"line":2,"column":19}},"loc":{"start":{"line":2,"column":19},"end":{"line":85,"column":1}}}},"branchMap":{},"s":{"0":0,"1":0,"2":1},"f":{"0":0},"b":{}}
,"/home/lenovo/web-dev-root/github/the-holy-bible-api/src/service/random-verse/index.ts": {"path":"/home/lenovo/web-dev-root/github/the-holy-bible-api/src/service/random-verse/index.ts","statementMap":{"0":{"start":{"line":2,"column":0},"end":{"line":2,"column":45}},"1":{"start":{"line":13,"column":2},"end":{"line":70,"column":5}},"2":{"start":{"line":14,"column":27},"end":{"line":14,"column":32}},"3":{"start":{"line":17,"column":4},"end":{"line":69,"column":7}},"4":{"start":{"line":18,"column":6},"end":{"line":21,"column":7}},"5":{"start":{"line":19,"column":8},"end":{"line":19,"column":66}},"6":{"start":{"line":20,"column":8},"end":{"line":20,"column":15}},"7":{"start":{"line":24,"column":23},"end":{"line":24,"column":31}},"8":{"start":{"line":25,"column":22},"end":{"line":38,"column":8}},"9":{"start":{"line":41,"column":6},"end":{"line":45,"column":9}},"10":{"start":{"line":48,"column":6},"end":{"line":68,"column":7}},"11":{"start":{"line":49,"column":8},"end":{"line":53,"column":11}},"12":{"start":{"line":55,"column":11},"end":{"line":68,"column":7}},"13":{"start":{"line":56,"column":8},"end":{"line":60,"column":11}},"14":{"start":{"line":63,"column":8},"end":{"line":67,"column":11}},"15":{"start":{"line":72,"column":0},"end":{"line":72,"column":32}}},"fnMap":{"0":{"name":"fetchRandomVerse","decl":{"start":{"line":12,"column":9},"end":{"line":12,"column":25}},"loc":{"start":{"line":12,"column":44},"end":{"line":71,"column":1}}},"1":{"name":"(anonymous_2)","decl":{"start":{"line":13,"column":21},"end":{"line":13,"column":22}},"loc":{"start":{"line":13,"column":41},"end":{"line":70,"column":3}}},"2":{"name":"(anonymous_3)","decl":{"start":{"line":17,"column":31},"end":{"line":17,"column":32}},"loc":{"start":{"line":17,"column":44},"end":{"line":46,"column":5}}},"3":{"name":"(anonymous_4)","decl":{"start":{"line":47,"column":11},"end":{"line":47,"column":12}},"loc":{"start":{"line":47,"column":21},"end":{"line":69,"column":5}}}},"branchMap":{"0":{"loc":{"start":{"line":18,"column":6},"end":{"line":21,"column":7}},"type":"if","locations":[{"start":{"line":18,"column":6},"end":{"line":21,"column":7}}]},"1":{"loc":{"start":{"line":48,"column":6},"end":{"line":68,"column":7}},"type":"if","locations":[{"start":{"line":48,"column":6},"end":{"line":68,"column":7}},{"start":{"line":55,"column":11},"end":{"line":68,"column":7}}]},"2":{"loc":{"start":{"line":55,"column":11},"end":{"line":68,"column":7}},"type":"if","locations":[{"start":{"line":55,"column":11},"end":{"line":68,"column":7}},{"start":{"line":62,"column":11},"end":{"line":68,"column":7}}]}},"s":{"0":2,"1":2,"2":2,"3":2,"4":1,"5":0,"6":0,"7":1,"8":1,"9":1,"10":1,"11":0,"12":1,"13":0,"14":1,"15":2},"f":{"0":2,"1":2,"2":1,"3":1},"b":{"0":[0],"1":[0,1],"2":[0,1]}}
}
