TN:
SF:src/index.ts
FN:23,(anonymous_8)
FN:32,(anonymous_9)
FN:37,(anonymous_11)
FN:69,(anonymous_12)
FN:100,(anonymous_14)
FN:119,(anonymous_16)
FN:137,(anonymous_18)
FNF:7
FNH:6
FNDA:4,(anonymous_8)
FNDA:1,(anonymous_9)
FNDA:2,(anonymous_11)
FNDA:1,(anonymous_12)
FNDA:1,(anonymous_14)
FNDA:1,(anonymous_16)
FNDA:0,(anonymous_18)
DA:13,1
DA:14,1
DA:15,1
DA:16,1
DA:24,4
DA:33,1
DA:34,1
DA:37,1
DA:39,2
DA:42,2
DA:43,2
DA:46,2
DA:47,2
DA:51,1
DA:54,1
DA:55,1
DA:56,1
DA:58,0
DA:71,1
DA:72,0
DA:80,1
DA:81,1
DA:82,1
DA:83,1
DA:86,1
DA:87,1
DA:88,1
DA:90,0
DA:101,1
DA:102,1
DA:103,1
DA:104,1
DA:107,1
DA:108,1
DA:109,1
DA:111,0
DA:120,1
DA:121,1
DA:122,1
DA:123,1
DA:126,1
DA:127,1
DA:128,1
DA:130,0
DA:138,0
DA:147,1
LF:46
LH:40
BRDA:43,0,0,1
BRDA:43,0,1,1
BRDA:51,1,0,1
BRDA:51,1,1,0
BRDA:71,2,0,0
BRDA:82,3,0,1
BRDA:82,3,1,0
BRDA:103,4,0,1
BRDA:103,4,1,0
BRDA:122,5,0,1
BRDA:122,5,1,0
BRF:11
BRH:6
end_of_record
TN:
SF:src/service/fetch-single-verse/index.ts
FN:9,fetchASingleVerse
FN:10,(anonymous_2)
FN:12,(anonymous_3)
FN:45,(anonymous_4)
FNF:4
FNH:4
FNDA:2,fetchASingleVerse
FNDA:2,(anonymous_2)
FNDA:1,(anonymous_3)
FNDA:1,(anonymous_4)
DA:2,2
DA:10,2
DA:11,2
DA:13,1
DA:15,1
DA:18,1
DA:34,1
DA:41,0
DA:42,0
DA:46,1
DA:47,0
DA:53,1
DA:54,0
DA:61,1
DA:72,2
LF:15
LH:11
BRDA:13,0,0,1
BRDA:13,0,1,0
BRDA:13,1,0,1
BRDA:13,1,1,0
BRDA:46,2,0,0
BRDA:46,2,1,1
BRDA:53,3,0,0
BRDA:53,3,1,1
BRF:8
BRH:4
end_of_record
TN:
SF:src/service/fetch-verses-by-range/index.ts
FN:9,fetchChapterVersesByRange
FN:10,(anonymous_2)
FN:12,(anonymous_3)
FN:18,(anonymous_4)
FN:54,(anonymous_5)
FNF:5
FNH:5
FNDA:2,fetchChapterVersesByRange
FNDA:2,(anonymous_2)
FNDA:1,(anonymous_3)
FNDA:4,(anonymous_4)
FNDA:1,(anonymous_5)
DA:2,2
DA:10,2
DA:11,2
DA:13,1
DA:15,1
DA:18,1
DA:19,4
DA:28,4
DA:29,4
DA:33,1
DA:40,1
DA:50,0
DA:51,0
DA:55,1
DA:56,0
DA:62,1
DA:63,0
DA:70,1
DA:81,2
LF:19
LH:15
BRDA:13,0,0,1
BRDA:13,0,1,0
BRDA:13,1,0,1
BRDA:13,1,1,0
BRDA:55,2,0,0
BRDA:55,2,1,1
BRDA:62,3,0,0
BRDA:62,3,1,1
BRF:8
BRH:4
end_of_record
TN:
SF:src/service/help/index.ts
FN:2,systemHelp
FNF:1
FNH:0
FNDA:0,systemHelp
DA:3,0
DA:84,0
DA:88,1
LF:3
LH:1
BRF:0
BRH:0
end_of_record
TN:
SF:src/service/random-verse/index.ts
FN:12,fetchRandomVerse
FN:13,(anonymous_2)
FN:17,(anonymous_3)
FN:47,(anonymous_4)
FNF:4
FNH:4
FNDA:2,fetchRandomVerse
FNDA:2,(anonymous_2)
FNDA:1,(anonymous_3)
FNDA:1,(anonymous_4)
DA:2,2
DA:13,2
DA:14,2
DA:17,2
DA:18,1
DA:19,0
DA:20,0
DA:24,1
DA:25,1
DA:41,1
DA:48,1
DA:49,0
DA:55,1
DA:56,0
DA:63,1
DA:72,2
LF:16
LH:12
BRDA:18,0,0,0
BRDA:48,1,0,0
BRDA:48,1,1,1
BRDA:55,2,0,0
BRDA:55,2,1,1
BRF:5
BRH:2
end_of_record
